2025-7-10 10:25:05-debug: start **** info
2025-7-10 10:25:06-log: Cannot access game frame or container.
2025-7-10 10:25:07-debug: asset-db:require-engine-code (1477ms)
2025-7-10 10:25:07-log: [box2d]:box2d wasm lib loaded.
2025-7-10 10:25:07-log: meshopt wasm decoder initialized
2025-7-10 10:25:07-log: [bullet]:bullet wasm lib loaded.
2025-7-10 10:25:07-log: Cocos Creator v3.8.6
2025-7-10 10:25:07-log: Using legacy pipeline
2025-7-10 10:25:07-log: Forward render pipeline initialized.
2025-7-10 10:25:07-debug: [Assets Memory track]: asset-db:worker-init: initEngine start:29.54MB, end 79.78MB, increase: 50.24MB
2025-7-10 10:25:09-debug: [Assets Memory track]: asset-db-plugin-register: builder start:83.47MB, end 224.03MB, increase: 140.56MB
2025-7-10 10:25:09-debug: [Assets Memory track]: asset-db-plugin-register: engine-extends start:224.26MB, end 227.36MB, increase: 3.09MB
2025-7-10 10:25:09-debug: [Assets Memory track]: asset-db:worker-init: initPlugin start:79.80MB, end 227.90MB, increase: 148.10MB
2025-7-10 10:25:09-debug: [Assets Memory track]: asset-db-plugin-register: project start:80.72MB, end 227.55MB, increase: 146.83MB
2025-7-10 10:25:07-debug: [Assets Memory track]: asset-db-plugin-register: programming start:80.87MB, end 83.44MB, increase: 2.56MB
2025-7-10 10:25:09-debug: asset-db:worker-init: initPlugin (2205ms)
2025-7-10 10:25:09-debug: [Assets Memory track]: asset-db:worker-init start:29.53MB, end 227.69MB, increase: 198.15MB
2025-7-10 10:25:09-debug: Run asset db hook programming:beforePreStart ...
2025-7-10 10:25:09-debug: Run asset db hook programming:beforePreStart success!
2025-7-10 10:25:09-debug: Run asset db hook engine-extends:beforePreStart success!
2025-7-10 10:25:09-debug: Run asset db hook engine-extends:beforePreStart ...
2025-7-10 10:25:09-debug: asset-db:worker-init (3998ms)
2025-7-10 10:25:09-debug: asset-db-hook-programming-beforePreStart (131ms)
2025-7-10 10:25:09-debug: asset-db-hook-engine-extends-beforePreStart (131ms)
2025-7-10 10:25:09-debug: Preimport db internal success
2025-7-10 10:25:09-debug: Preimport db assets success
2025-7-10 10:25:09-debug: Run asset db hook programming:afterPreStart ...
2025-7-10 10:25:09-debug: starting packer-driver...
2025-7-10 10:25:13-debug: initialize scripting environment...
2025-7-10 10:25:13-debug: [[Executor]] prepare before lock
2025-7-10 10:25:13-debug: Set detail map pack:///resolution-detail-map.json: {}
2025-7-10 10:25:13-debug: Run asset db hook programming:afterPreStart success!
2025-7-10 10:25:13-debug: [[Executor]] prepare after unlock
2025-7-10 10:25:13-debug: Run asset db hook engine-extends:afterPreStart ...
2025-7-10 10:25:13-debug: Run asset db hook engine-extends:afterPreStart success!
2025-7-10 10:25:13-debug: [Assets Memory track]: asset-db:worker-init: preStart start:227.70MB, end 240.13MB, increase: 12.43MB
2025-7-10 10:25:13-debug: Start up the 'internal' database...
2025-7-10 10:25:13-debug: asset-db-hook-programming-afterPreStart (4153ms)
2025-7-10 10:25:13-debug: asset-db:worker-effect-data-processing (445ms)
2025-7-10 10:25:13-debug: asset-db-hook-engine-extends-afterPreStart (446ms)
2025-7-10 10:25:13-debug: [Assets Memory track]: asset-db:worker-startup-database[internal] start:227.78MB, end 274.10MB, increase: 46.32MB
2025-7-10 10:25:13-debug: Start up the 'assets' database...
2025-7-10 10:25:14-debug: asset-db:worker-startup-database[internal] (4598ms)
2025-7-10 10:25:14-debug: [Assets Memory track]: asset-db:worker-startup-database[assets] start:233.15MB, end 276.21MB, increase: 43.06MB
2025-7-10 10:25:14-debug: [Assets Memory track]: asset-db:worker-init: startup start:240.15MB, end 276.22MB, increase: 36.07MB
2025-7-10 10:25:14-debug: lazy register asset handler *
2025-7-10 10:25:14-debug: lazy register asset handler directory
2025-7-10 10:25:14-debug: lazy register asset handler dragonbones
2025-7-10 10:25:14-debug: lazy register asset handler text
2025-7-10 10:25:14-debug: lazy register asset handler dragonbones-atlas
2025-7-10 10:25:14-debug: lazy register asset handler json
2025-7-10 10:25:14-debug: lazy register asset handler spine-data
2025-7-10 10:25:14-debug: lazy register asset handler typescript
2025-7-10 10:25:14-debug: lazy register asset handler scene
2025-7-10 10:25:14-debug: lazy register asset handler prefab
2025-7-10 10:25:14-debug: lazy register asset handler sprite-frame
2025-7-10 10:25:14-debug: lazy register asset handler tiled-map
2025-7-10 10:25:14-debug: lazy register asset handler buffer
2025-7-10 10:25:14-debug: lazy register asset handler terrain
2025-7-10 10:25:14-debug: lazy register asset handler sign-image
2025-7-10 10:25:14-debug: lazy register asset handler alpha-image
2025-7-10 10:25:14-debug: lazy register asset handler texture
2025-7-10 10:25:14-debug: lazy register asset handler javascript
2025-7-10 10:25:14-debug: lazy register asset handler texture-cube
2025-7-10 10:25:14-debug: lazy register asset handler erp-texture-cube
2025-7-10 10:25:14-debug: lazy register asset handler texture-cube-face
2025-7-10 10:25:14-debug: lazy register asset handler render-texture
2025-7-10 10:25:14-debug: lazy register asset handler image
2025-7-10 10:25:14-debug: lazy register asset handler rt-sprite-frame
2025-7-10 10:25:14-debug: lazy register asset handler gltf
2025-7-10 10:25:14-debug: lazy register asset handler gltf-animation
2025-7-10 10:25:14-debug: lazy register asset handler gltf-mesh
2025-7-10 10:25:14-debug: lazy register asset handler gltf-skeleton
2025-7-10 10:25:14-debug: lazy register asset handler gltf-material
2025-7-10 10:25:14-debug: lazy register asset handler gltf-embeded-image
2025-7-10 10:25:14-debug: lazy register asset handler gltf-scene
2025-7-10 10:25:14-debug: lazy register asset handler fbx
2025-7-10 10:25:14-debug: lazy register asset handler material
2025-7-10 10:25:14-debug: lazy register asset handler physics-material
2025-7-10 10:25:14-debug: lazy register asset handler effect-header
2025-7-10 10:25:14-debug: lazy register asset handler animation-clip
2025-7-10 10:25:14-debug: lazy register asset handler animation-graph
2025-7-10 10:25:14-debug: lazy register asset handler animation-graph-variant
2025-7-10 10:25:14-debug: lazy register asset handler animation-mask
2025-7-10 10:25:14-debug: lazy register asset handler audio-clip
2025-7-10 10:25:14-debug: lazy register asset handler ttf-font
2025-7-10 10:25:14-debug: lazy register asset handler bitmap-font
2025-7-10 10:25:14-debug: lazy register asset handler sprite-atlas
2025-7-10 10:25:14-debug: lazy register asset handler effect
2025-7-10 10:25:14-debug: lazy register asset handler auto-atlas
2025-7-10 10:25:14-debug: lazy register asset handler label-atlas
2025-7-10 10:25:14-debug: lazy register asset handler render-stage
2025-7-10 10:25:14-debug: lazy register asset handler render-flow
2025-7-10 10:25:14-debug: lazy register asset handler render-pipeline
2025-7-10 10:25:14-debug: lazy register asset handler instantiation-mesh
2025-7-10 10:25:14-debug: lazy register asset handler instantiation-skeleton
2025-7-10 10:25:14-debug: lazy register asset handler instantiation-animation
2025-7-10 10:25:14-debug: lazy register asset handler instantiation-material
2025-7-10 10:25:14-debug: lazy register asset handler video-clip
2025-7-10 10:25:14-debug: lazy register asset handler particle
2025-7-10 10:25:14-debug: asset-db:worker-startup-database[assets] (4474ms)
2025-7-10 10:25:14-debug: asset-db:ready (11960ms)
2025-7-10 10:25:14-debug: asset-db:start-database (4685ms)
2025-7-10 10:25:14-debug: fix the bug of updateDefaultUserData
2025-7-10 10:25:14-debug: init worker message success
2025-7-10 10:25:14-debug: programming:execute-script (8ms)
2025-7-10 10:25:14-debug: [Build Memory track]: builder:worker-init start:280.66MB, end 292.69MB, increase: 12.03MB
2025-7-10 10:25:14-debug: builder:worker-init (620ms)
2025-7-10 10:25:24-debug: refresh db internal success
2025-7-10 10:25:24-debug: refresh db assets success
2025-7-10 10:25:24-debug: Run asset db hook engine-extends:afterRefresh ...
2025-7-10 10:25:24-debug: Run asset db hook engine-extends:afterRefresh success!
2025-7-10 10:25:24-debug: asset-db:refresh-all-database (135ms)
2025-7-10 10:25:24-debug: asset-db:worker-effect-data-processing (1ms)
2025-7-10 10:25:24-debug: asset-db-hook-engine-extends-afterRefresh (1ms)
2025-7-10 10:27:08-debug: refresh db internal success
2025-7-10 10:27:08-debug: refresh db assets success
2025-7-10 10:27:08-debug: Run asset db hook engine-extends:afterRefresh ...
2025-7-10 10:27:08-debug: Run asset db hook engine-extends:afterRefresh success!
2025-7-10 10:27:08-debug: asset-db:refresh-all-database (141ms)
2025-7-10 10:27:08-debug: asset-db:worker-effect-data-processing (1ms)
2025-7-10 10:27:08-debug: asset-db-hook-engine-extends-afterRefresh (1ms)
2025-7-10 10:38:42-debug: refresh db internal success
2025-7-10 10:38:42-debug: Run asset db hook engine-extends:afterRefresh ...
2025-7-10 10:38:42-debug: refresh db assets success
2025-7-10 10:38:42-debug: Run asset db hook engine-extends:afterRefresh success!
2025-7-10 10:38:42-debug: asset-db:refresh-all-database (137ms)
2025-7-10 10:38:42-debug: asset-db:worker-effect-data-processing (2ms)
2025-7-10 10:38:42-debug: asset-db-hook-engine-extends-afterRefresh (2ms)
