2025-8-6 15:45:35-debug: start **** info
2025-8-6 15:45:36-log: Cannot access game frame or container.
2025-8-6 15:45:37-debug: asset-db:require-engine-code (1414ms)
2025-8-6 15:45:37-log: meshopt wasm decoder initialized
2025-8-6 15:45:37-log: [bullet]:bullet wasm lib loaded.
2025-8-6 15:45:37-log: [box2d]:box2d wasm lib loaded.
2025-8-6 15:45:37-log: Cocos Creator v3.8.6
2025-8-6 15:45:37-log: Forward render pipeline initialized.
2025-8-6 15:45:37-debug: [Assets Memory track]: asset-db:worker-init: initEngine start:29.02MB, end 79.80MB, increase: 50.78MB
2025-8-6 15:45:37-debug: [Assets Memory track]: asset-db-plugin-register: programming start:80.89MB, end 83.46MB, increase: 2.57MB
2025-8-6 15:45:39-debug: [Assets Memory track]: asset-db-plugin-register: builder start:83.49MB, end 271.35MB, increase: 187.86MB
2025-8-6 15:45:40-debug: [Assets Memory track]: asset-db-plugin-register: project start:80.75MB, end 171.40MB, increase: 90.65MB
2025-8-6 15:45:37-log: Using legacy pipeline
2025-8-6 15:45:40-debug: [Assets Memory track]: asset-db:worker-init: initPlugin start:79.82MB, end 171.44MB, increase: 91.62MB
2025-8-6 15:45:40-debug: asset-db:worker-init: initPlugin (3162ms)
2025-8-6 15:45:40-debug: [Assets Memory track]: asset-db:worker-init start:29.01MB, end 171.55MB, increase: 142.54MB
2025-8-6 15:45:40-debug: Run asset db hook programming:beforePreStart ...
2025-8-6 15:45:40-debug: Run asset db hook programming:beforePreStart success!
2025-8-6 15:45:40-debug: Run asset db hook engine-extends:beforePreStart success!
2025-8-6 15:45:40-debug: Run asset db hook engine-extends:beforePreStart ...
2025-8-6 15:45:42-debug: asset-db:worker-init (6787ms)
2025-8-6 15:45:42-debug: asset-db-hook-programming-beforePreStart (1911ms)
2025-8-6 15:45:42-debug: asset-db-hook-engine-extends-beforePreStart (1910ms)
2025-8-6 15:45:43-debug: Preimport db internal success
2025-8-6 15:45:43-debug: Preimport db assets success
2025-8-6 15:45:43-debug: Run asset db hook programming:afterPreStart ...
2025-8-6 15:45:43-debug: starting packer-driver...
2025-8-6 15:45:48-debug: initialize scripting environment...
2025-8-6 15:45:48-debug: [[Executor]] prepare before lock
2025-8-6 15:45:48-debug: Set detail map pack:///resolution-detail-map.json: {}
2025-8-6 15:45:48-debug: [[Executor]] prepare after unlock
2025-8-6 15:45:48-debug: Run asset db hook programming:afterPreStart success!
2025-8-6 15:45:48-debug: Run asset db hook engine-extends:afterPreStart ...
2025-8-6 15:45:48-debug: Run asset db hook engine-extends:afterPreStart success!
2025-8-6 15:45:48-debug: [Assets Memory track]: asset-db:worker-init: preStart start:171.56MB, end 185.04MB, increase: 13.47MB
2025-8-6 15:45:48-debug: Start up the 'internal' database...
2025-8-6 15:45:49-debug: asset-db-hook-programming-afterPreStart (5267ms)
2025-8-6 15:45:49-debug: asset-db:worker-effect-data-processing (1123ms)
2025-8-6 15:45:49-debug: asset-db-hook-engine-extends-afterPreStart (1123ms)
2025-8-6 15:45:49-debug: Start up the 'assets' database...
2025-8-6 15:45:49-debug: [Assets Memory track]: asset-db:worker-startup-database[internal] start:171.65MB, end 192.70MB, increase: 21.05MB
2025-8-6 15:45:50-debug: asset-db:worker-startup-database[internal] (10046ms)
2025-8-6 15:45:50-debug: [Assets Memory track]: asset-db:worker-startup-database[assets] start:177.92MB, end 193.57MB, increase: 15.65MB
2025-8-6 15:45:50-debug: lazy register asset handler *
2025-8-6 15:45:50-debug: lazy register asset handler directory
2025-8-6 15:45:50-debug: [Assets Memory track]: asset-db:worker-init: startup start:185.05MB, end 193.59MB, increase: 8.53MB
2025-8-6 15:45:50-debug: lazy register asset handler json
2025-8-6 15:45:50-debug: lazy register asset handler spine-data
2025-8-6 15:45:50-debug: lazy register asset handler dragonbones
2025-8-6 15:45:50-debug: lazy register asset handler dragonbones-atlas
2025-8-6 15:45:50-debug: lazy register asset handler text
2025-8-6 15:45:50-debug: lazy register asset handler terrain
2025-8-6 15:45:50-debug: lazy register asset handler typescript
2025-8-6 15:45:50-debug: lazy register asset handler javascript
2025-8-6 15:45:50-debug: lazy register asset handler sprite-frame
2025-8-6 15:45:50-debug: lazy register asset handler prefab
2025-8-6 15:45:50-debug: lazy register asset handler tiled-map
2025-8-6 15:45:50-debug: lazy register asset handler scene
2025-8-6 15:45:50-debug: lazy register asset handler buffer
2025-8-6 15:45:50-debug: lazy register asset handler sign-image
2025-8-6 15:45:50-debug: lazy register asset handler image
2025-8-6 15:45:50-debug: lazy register asset handler texture
2025-8-6 15:45:50-debug: lazy register asset handler texture-cube
2025-8-6 15:45:50-debug: lazy register asset handler erp-texture-cube
2025-8-6 15:45:50-debug: lazy register asset handler texture-cube-face
2025-8-6 15:45:50-debug: lazy register asset handler render-texture
2025-8-6 15:45:50-debug: lazy register asset handler rt-sprite-frame
2025-8-6 15:45:50-debug: lazy register asset handler gltf-mesh
2025-8-6 15:45:50-debug: lazy register asset handler gltf-animation
2025-8-6 15:45:50-debug: lazy register asset handler gltf-skeleton
2025-8-6 15:45:50-debug: lazy register asset handler gltf
2025-8-6 15:45:50-debug: lazy register asset handler gltf-material
2025-8-6 15:45:50-debug: lazy register asset handler gltf-embeded-image
2025-8-6 15:45:50-debug: lazy register asset handler gltf-scene
2025-8-6 15:45:50-debug: lazy register asset handler alpha-image
2025-8-6 15:45:50-debug: lazy register asset handler fbx
2025-8-6 15:45:50-debug: lazy register asset handler material
2025-8-6 15:45:50-debug: lazy register asset handler physics-material
2025-8-6 15:45:50-debug: lazy register asset handler effect-header
2025-8-6 15:45:50-debug: lazy register asset handler effect
2025-8-6 15:45:50-debug: lazy register asset handler audio-clip
2025-8-6 15:45:50-debug: lazy register asset handler animation-graph
2025-8-6 15:45:50-debug: lazy register asset handler animation-graph-variant
2025-8-6 15:45:50-debug: lazy register asset handler animation-clip
2025-8-6 15:45:50-debug: lazy register asset handler animation-mask
2025-8-6 15:45:50-debug: lazy register asset handler bitmap-font
2025-8-6 15:45:50-debug: lazy register asset handler ttf-font
2025-8-6 15:45:50-debug: lazy register asset handler sprite-atlas
2025-8-6 15:45:50-debug: lazy register asset handler label-atlas
2025-8-6 15:45:50-debug: lazy register asset handler auto-atlas
2025-8-6 15:45:50-debug: lazy register asset handler particle
2025-8-6 15:45:50-debug: lazy register asset handler render-pipeline
2025-8-6 15:45:50-debug: lazy register asset handler render-stage
2025-8-6 15:45:50-debug: lazy register asset handler render-flow
2025-8-6 15:45:50-debug: lazy register asset handler instantiation-material
2025-8-6 15:45:50-debug: lazy register asset handler instantiation-mesh
2025-8-6 15:45:50-debug: lazy register asset handler instantiation-skeleton
2025-8-6 15:45:50-debug: lazy register asset handler instantiation-animation
2025-8-6 15:45:50-debug: lazy register asset handler video-clip
2025-8-6 15:45:50-debug: asset-db:worker-startup-database[assets] (7449ms)
2025-8-6 15:45:50-debug: asset-db:start-database (10195ms)
2025-8-6 15:45:50-debug: asset-db:ready (20762ms)
2025-8-6 15:45:50-debug: fix the bug of updateDefaultUserData
2025-8-6 15:45:50-debug: init worker message success
2025-8-6 15:45:51-debug: [Build Memory track]: builder:worker-init start:194.73MB, end 205.67MB, increase: 10.94MB
2025-8-6 15:45:51-debug: programming:execute-script (14ms)
2025-8-6 15:45:51-debug: builder:worker-init (748ms)
2025-8-6 15:46:57-debug: refresh db internal success
2025-8-6 15:46:57-debug: refresh db assets success
2025-8-6 15:46:57-debug: Run asset db hook engine-extends:afterRefresh ...
2025-8-6 15:46:57-debug: Run asset db hook engine-extends:afterRefresh success!
2025-8-6 15:46:57-debug: asset-db:refresh-all-database (152ms)
2025-8-6 15:46:57-debug: asset-db:worker-effect-data-processing (2ms)
2025-8-6 15:46:57-debug: asset-db-hook-engine-extends-afterRefresh (2ms)
2025-8-6 15:47:06-debug: refresh db internal success
2025-8-6 15:47:07-debug: refresh db assets success
2025-8-6 15:47:07-debug: Run asset db hook engine-extends:afterRefresh ...
2025-8-6 15:47:07-debug: Run asset db hook engine-extends:afterRefresh success!
2025-8-6 15:47:07-debug: asset-db:refresh-all-database (164ms)
2025-8-6 15:47:07-debug: asset-db:worker-effect-data-processing (2ms)
2025-8-6 15:47:07-debug: asset-db-hook-engine-extends-afterRefresh (2ms)
2025-8-6 15:47:10-debug: refresh db internal success
2025-8-6 15:47:11-debug: refresh db assets success
2025-8-6 15:47:11-debug: Run asset db hook engine-extends:afterRefresh ...
2025-8-6 15:47:11-debug: Run asset db hook engine-extends:afterRefresh success!
2025-8-6 15:47:11-debug: asset-db:refresh-all-database (154ms)
2025-8-6 15:47:11-debug: asset-db:worker-effect-data-processing (3ms)
2025-8-6 15:47:11-debug: asset-db-hook-engine-extends-afterRefresh (3ms)
2025-8-6 15:52:48-debug: refresh db internal success
2025-8-6 15:52:48-debug: %cImport%c: D:\Cocos\XHAT\BMZY\assets\Script\Tool\Tool_Console.tsbackground: #aaff85; color: #000;color: #000;
2025-8-6 15:52:48-debug: %cImport%c: D:\Cocos\XHAT\BMZY\assets\Script\Tool\Tool_Other.tsbackground: #aaff85; color: #000;color: #000;
2025-8-6 15:52:48-debug: refresh db assets success
2025-8-6 15:52:48-debug: Run asset db hook engine-extends:afterRefresh ...
2025-8-6 15:52:48-debug: Run asset db hook engine-extends:afterRefresh success!
2025-8-6 15:52:48-debug: asset-db:refresh-all-database (150ms)
2025-8-6 15:52:48-debug: asset-db:worker-effect-data-processing (2ms)
2025-8-6 15:52:48-debug: asset-db-hook-engine-extends-afterRefresh (2ms)
