2025-6-20 10:55:11-debug: start **** info
2025-6-20 10:55:11-log: Cannot access game frame or container.
2025-6-20 10:55:12-debug: asset-db:require-engine-code (1128ms)
2025-6-20 10:55:12-log: meshopt wasm decoder initialized
2025-6-20 10:55:12-log: [bullet]:bullet wasm lib loaded.
2025-6-20 10:55:12-log: [box2d]:box2d wasm lib loaded.
2025-6-20 10:55:12-log: Cocos Creator v3.8.6
2025-6-20 10:55:12-log: Forward render pipeline initialized.
2025-6-20 10:55:12-debug: [Assets Memory track]: asset-db:worker-init: initEngine start:28.93MB, end 80.24MB, increase: 51.31MB
2025-6-20 10:55:12-log: Using legacy pipeline
2025-6-20 10:55:12-debug: [Assets Memory track]: asset-db-plugin-register: programming start:81.32MB, end 83.76MB, increase: 2.44MB
2025-6-20 10:55:14-debug: [Assets Memory track]: asset-db-plugin-register: project start:81.18MB, end 197.23MB, increase: 116.05MB
2025-6-20 10:55:14-debug: [Assets Memory track]: asset-db-plugin-register: builder start:83.80MB, end 193.75MB, increase: 109.94MB
2025-6-20 10:55:14-debug: [Assets Memory track]: asset-db:worker-init: initPlugin start:80.26MB, end 197.41MB, increase: 117.15MB
2025-6-20 10:55:14-debug: [Assets Memory track]: asset-db-plugin-register: engine-extends start:193.99MB, end 197.04MB, increase: 3.05MB
2025-6-20 10:55:14-debug: asset-db:worker-init: initPlugin (2373ms)
2025-6-20 10:55:14-debug: [Assets Memory track]: asset-db:worker-init start:28.92MB, end 197.37MB, increase: 168.45MB
2025-6-20 10:55:14-debug: Run asset db hook programming:beforePreStart ...
2025-6-20 10:55:14-debug: Run asset db hook programming:beforePreStart success!
2025-6-20 10:55:14-debug: Run asset db hook engine-extends:beforePreStart ...
2025-6-20 10:55:14-debug: Run asset db hook engine-extends:beforePreStart success!
2025-6-20 10:55:16-debug: asset-db:worker-init (5135ms)
2025-6-20 10:55:16-debug: asset-db-hook-programming-beforePreStart (1392ms)
2025-6-20 10:55:16-debug: asset-db-hook-engine-extends-beforePreStart (1392ms)
2025-6-20 10:55:16-debug: Preimport db internal success
2025-6-20 10:55:17-debug: Preimport db assets success
2025-6-20 10:55:17-debug: Run asset db hook programming:afterPreStart ...
2025-6-20 10:55:17-debug: starting packer-driver...
2025-6-20 10:55:20-debug: initialize scripting environment...
2025-6-20 10:55:20-debug: [[Executor]] prepare before lock
2025-6-20 10:55:20-debug: Set detail map pack:///resolution-detail-map.json: {}
2025-6-20 10:55:20-debug: [[Executor]] prepare after unlock
2025-6-20 10:55:20-debug: Run asset db hook programming:afterPreStart success!
2025-6-20 10:55:20-debug: Run asset db hook engine-extends:afterPreStart ...
2025-6-20 10:55:20-debug: Run asset db hook engine-extends:afterPreStart success!
2025-6-20 10:55:20-debug: [Assets Memory track]: asset-db:worker-init: preStart start:197.38MB, end 204.50MB, increase: 7.12MB
2025-6-20 10:55:20-debug: Start up the 'internal' database...
2025-6-20 10:55:22-debug: asset-db:worker-effect-data-processing (1118ms)
2025-6-20 10:55:22-debug: asset-db-hook-programming-afterPreStart (4544ms)
2025-6-20 10:55:22-debug: asset-db-hook-engine-extends-afterPreStart (1119ms)
2025-6-20 10:55:22-debug: Start up the 'assets' database...
2025-6-20 10:55:23-debug: asset-db:worker-startup-database[internal] (8412ms)
2025-6-20 10:55:23-debug: lazy register asset handler *
2025-6-20 10:55:23-debug: lazy register asset handler directory
2025-6-20 10:55:23-debug: lazy register asset handler text
2025-6-20 10:55:23-debug: lazy register asset handler spine-data
2025-6-20 10:55:23-debug: lazy register asset handler dragonbones-atlas
2025-6-20 10:55:23-debug: lazy register asset handler json
2025-6-20 10:55:23-debug: lazy register asset handler dragonbones
2025-6-20 10:55:23-debug: lazy register asset handler typescript
2025-6-20 10:55:23-debug: lazy register asset handler javascript
2025-6-20 10:55:23-debug: lazy register asset handler scene
2025-6-20 10:55:23-debug: lazy register asset handler prefab
2025-6-20 10:55:23-debug: lazy register asset handler sprite-frame
2025-6-20 10:55:23-debug: lazy register asset handler tiled-map
2025-6-20 10:55:23-debug: lazy register asset handler image
2025-6-20 10:55:23-debug: lazy register asset handler terrain
2025-6-20 10:55:23-debug: lazy register asset handler sign-image
2025-6-20 10:55:23-debug: lazy register asset handler alpha-image
2025-6-20 10:55:23-debug: lazy register asset handler texture
2025-6-20 10:55:23-debug: lazy register asset handler erp-texture-cube
2025-6-20 10:55:23-debug: lazy register asset handler buffer
2025-6-20 10:55:23-debug: lazy register asset handler render-texture
2025-6-20 10:55:23-debug: lazy register asset handler gltf
2025-6-20 10:55:23-debug: lazy register asset handler gltf-mesh
2025-6-20 10:55:23-debug: lazy register asset handler gltf-animation
2025-6-20 10:55:23-debug: lazy register asset handler texture-cube
2025-6-20 10:55:23-debug: lazy register asset handler gltf-skeleton
2025-6-20 10:55:23-debug: lazy register asset handler gltf-material
2025-6-20 10:55:23-debug: lazy register asset handler gltf-scene
2025-6-20 10:55:23-debug: lazy register asset handler gltf-embeded-image
2025-6-20 10:55:23-debug: lazy register asset handler fbx
2025-6-20 10:55:23-debug: lazy register asset handler texture-cube-face
2025-6-20 10:55:23-debug: lazy register asset handler physics-material
2025-6-20 10:55:23-debug: lazy register asset handler material
2025-6-20 10:55:23-debug: lazy register asset handler effect
2025-6-20 10:55:23-debug: lazy register asset handler effect-header
2025-6-20 10:55:23-debug: lazy register asset handler animation-clip
2025-6-20 10:55:23-debug: lazy register asset handler rt-sprite-frame
2025-6-20 10:55:23-debug: lazy register asset handler animation-graph-variant
2025-6-20 10:55:23-debug: lazy register asset handler audio-clip
2025-6-20 10:55:23-debug: lazy register asset handler bitmap-font
2025-6-20 10:55:23-debug: lazy register asset handler animation-mask
2025-6-20 10:55:23-debug: lazy register asset handler particle
2025-6-20 10:55:23-debug: lazy register asset handler animation-graph
2025-6-20 10:55:23-debug: lazy register asset handler sprite-atlas
2025-6-20 10:55:23-debug: lazy register asset handler auto-atlas
2025-6-20 10:55:23-debug: lazy register asset handler label-atlas
2025-6-20 10:55:23-debug: lazy register asset handler render-pipeline
2025-6-20 10:55:23-debug: lazy register asset handler render-stage
2025-6-20 10:55:23-debug: lazy register asset handler ttf-font
2025-6-20 10:55:23-debug: lazy register asset handler instantiation-material
2025-6-20 10:55:23-debug: lazy register asset handler render-flow
2025-6-20 10:55:23-debug: lazy register asset handler instantiation-mesh
2025-6-20 10:55:23-debug: lazy register asset handler instantiation-skeleton
2025-6-20 10:55:23-debug: lazy register asset handler instantiation-animation
2025-6-20 10:55:23-debug: lazy register asset handler video-clip
2025-6-20 10:55:23-debug: asset-db:worker-startup-database[assets] (6388ms)
2025-6-20 10:55:23-debug: asset-db:start-database (8491ms)
2025-6-20 10:55:23-debug: asset-db:ready (17168ms)
2025-6-20 10:55:23-debug: fix the bug of updateDefaultUserData
2025-6-20 10:55:23-debug: init worker message success
2025-6-20 10:55:23-debug: [Build Memory track]: builder:worker-init start:193.62MB, end 204.36MB, increase: 10.75MB
2025-6-20 10:55:23-debug: programming:execute-script (12ms)
2025-6-20 10:55:23-debug: builder:worker-init (600ms)
2025-6-20 10:55:28-debug: refresh db internal success
2025-6-20 10:55:28-debug: refresh db assets success
2025-6-20 10:55:28-debug: Run asset db hook engine-extends:afterRefresh ...
2025-6-20 10:55:28-debug: Run asset db hook engine-extends:afterRefresh success!
2025-6-20 10:55:28-debug: asset-db:refresh-all-database (124ms)
2025-6-20 10:55:32-debug: refresh db internal success
2025-6-20 10:55:32-debug: refresh db assets success
2025-6-20 10:55:32-debug: Run asset db hook engine-extends:afterRefresh ...
2025-6-20 10:55:32-debug: Run asset db hook engine-extends:afterRefresh success!
2025-6-20 10:55:32-debug: asset-db:refresh-all-database (111ms)
2025-6-20 10:55:32-debug: asset-db:worker-effect-data-processing (1ms)
2025-6-20 10:55:32-debug: asset-db-hook-engine-extends-afterRefresh (1ms)
2025-6-20 10:55:43-debug: refresh db internal success
2025-6-20 10:55:43-debug: refresh db assets success
2025-6-20 10:55:43-debug: Run asset db hook engine-extends:afterRefresh ...
2025-6-20 10:55:43-debug: Run asset db hook engine-extends:afterRefresh success!
2025-6-20 10:55:43-debug: asset-db:refresh-all-database (123ms)
2025-6-20 10:55:43-debug: asset-db:worker-effect-data-processing (1ms)
2025-6-20 10:55:43-debug: asset-db-hook-engine-extends-afterRefresh (1ms)
2025-6-20 10:55:50-debug: refresh db internal success
2025-6-20 10:55:50-debug: refresh db assets success
2025-6-20 10:55:50-debug: Run asset db hook engine-extends:afterRefresh ...
2025-6-20 10:55:50-debug: Run asset db hook engine-extends:afterRefresh success!
2025-6-20 10:55:50-debug: asset-db:refresh-all-database (119ms)
2025-6-20 10:55:50-debug: asset-db:worker-effect-data-processing (1ms)
2025-6-20 10:55:50-debug: asset-db-hook-engine-extends-afterRefresh (1ms)
2025-6-20 10:56:28-debug: refresh db internal success
2025-6-20 10:56:28-debug: refresh db assets success
2025-6-20 10:56:28-debug: Run asset db hook engine-extends:afterRefresh ...
2025-6-20 10:56:28-debug: Run asset db hook engine-extends:afterRefresh success!
2025-6-20 10:56:28-debug: asset-db:refresh-all-database (117ms)
2025-6-20 10:56:28-debug: asset-db:worker-effect-data-processing (1ms)
2025-6-20 10:56:28-debug: asset-db-hook-engine-extends-afterRefresh (1ms)
2025-6-20 10:56:38-debug: refresh db internal success
2025-6-20 10:56:38-debug: refresh db assets success
2025-6-20 10:56:38-debug: Run asset db hook engine-extends:afterRefresh ...
2025-6-20 10:56:38-debug: Run asset db hook engine-extends:afterRefresh success!
2025-6-20 10:56:38-debug: asset-db:refresh-all-database (111ms)
2025-6-20 10:56:38-debug: asset-db:worker-effect-data-processing (1ms)
2025-6-20 10:56:38-debug: asset-db-hook-engine-extends-afterRefresh (2ms)
2025-6-20 10:56:40-debug: refresh db internal success
2025-6-20 10:56:40-debug: refresh db assets success
2025-6-20 10:56:40-debug: Run asset db hook engine-extends:afterRefresh ...
2025-6-20 10:56:40-debug: Run asset db hook engine-extends:afterRefresh success!
2025-6-20 10:56:40-debug: asset-db:refresh-all-database (112ms)
2025-6-20 10:56:40-debug: asset-db:worker-effect-data-processing (1ms)
2025-6-20 10:56:40-debug: asset-db-hook-engine-extends-afterRefresh (1ms)
